var c = document.innerHTML
undefined
c
undefined
console.log(c);
VM179:1 undefined
undefined
document.innerHTML="Olá";
"Olá"
document.body.innerHTML="Olá";
"Olá"
document.body.innerHTML="<br> Olá";
"<br> Olá"
document.body.appendChild(document.createTextNode("<h1>Welcome</h1>");
VM706:1 Uncaught SyntaxError: missing ) after argument list
document.body.appendChild(document.createTextNode("<h1>Welcome</h1>"));
"<h1>Welcome</h1>"
document.body.text("<h1>Welcome</h1>")
VM921:1 Uncaught TypeError: document.body.text is not a function
    at <anonymous>:1:15
(anonymous) @ VM921:1
document.body.outerText 
"\nOlá<h1>Welcome</h1>"
document.body.outerText = "<h1>Welcome</h1>"
"<h1>Welcome</h1>"
document.body.appendChild(document.createTextNode("<h1>Welcome</h1>"));
VM1076:1 Uncaught TypeError: Cannot read property 'appendChild' of null
    at <anonymous>:1:15
(anonymous) @ VM1076:1
document.body.appendChild(document.createTextNode("<h1>Welcome</h1>"));
VM1083:1 Uncaught TypeError: Cannot read property 'appendChild' of null
    at <anonymous>:1:15
(anonymous) @ VM1083:1
document.innerHTML = ""
""
document.body.innerHTML = ""
VM1172:1 Uncaught TypeError: Cannot set property 'innerHTML' of null
    at <anonymous>:1:25
(anonymous) @ VM1172:1
document.body.innerHTML = ""
VM1178:1 Uncaught TypeError: Cannot set property 'innerHTML' of null
    at <anonymous>:1:25
(anonymous) @ VM1178:1
document.appendChild(document.createTextNode("<h1>Welcome</h1>"));
VM1199:1 Uncaught DOMException: Failed to execute 'appendChild' on 'Node': Nodes of type '#text' may not be inserted inside nodes of type '#document'.
    at <anonymous>:1:10
(anonymous) @ VM1199:1
document.innerHTML = "<body></body>"
"<body></body>"
document.body.appendChild(document.createTextNode("<h1>Welcome</h1>"));
VM1246:1 Uncaught TypeError: Cannot read property 'appendChild' of null
    at <anonymous>:1:15
(anonymous) @ VM1246:1
document.body.appendChild(document.createTextNode("<h1>Welcome</h1>"));
VM1254:1 Uncaught TypeError: Cannot read property 'appendChild' of null
    at <anonymous>:1:15
(anonymous) @ VM1254:1
document.innerHTML
"<body></body>"
document.innerHTML = "<body><h1>Welcome</h1></body>";
"<body><h1>Welcome</h1></body>"
document.write("<h1>Welcome</h1>");
undefined
document.body.appendChild(document.createTextNode(document.write("<h1>Welcome</h1>")));
"undefined"
dump(document.innerHTML)
VM1562:1 Uncaught ReferenceError: dump is not defined
    at <anonymous>:1:1
(anonymous) @ VM1562:1
document.dump(document.innerHTML)
VM1585:1 Uncaught TypeError: document.dump is not a function
    at <anonymous>:1:10
(anonymous) @ VM1585:1
var texto = "Olá \\ Como vai você?";
undefined
var out = "";
undefined
out = texto.replaceAll("\\", "<br>");
"Olá <br> Como vai você?"
var texto2 = "# Titulo";
undefined
var texto3 = " *Itaelico*";
undefined
p = texto3.replace(/(\*)(.+)(\*)/,"<i>")
" <i>"
p
" <i>"
p = texto3.replace(/(\*)(.+)(\*)/,"<i>$1</i>")
" <i>*</i>"
p = texto3.replace(/(^\*)(.+)(^\*)/,"<i>$1</i>")
" *Itaelico*"
p = texto3.replace(/\*(.+)\*/gm,"<i>$1</i>")
" <i>Itaelico</i>"
p = texto3.replace(/^\*(.+)\*/gm,"<i>$1</i>")
" *Itaelico*"
p = texto3.replace(/\*(.+)\*/gm,"<i>$1</i>")
" <i>Itaelico</i>"
var texto3 = " OLá *Itaelico*";
undefined
p = texto3.replace(/\*(.+)\*/gm,"<i>$1</i>")
" OLá <i>Itaelico</i>"
p = texto3.replace(/^\*(.+)\*/gm,"<i>$1</i>")
" OLá *Itaelico*"
p = texto3.replace(/\*(.+)\*/gm,"<i>$1</i>")
" OLá <i>Itaelico</i>"
p = texto3.replace(/^\*(.+)\*/gm,"<i>$1</i>")
" OLá *Itaelico*"
p = texto3.replace(/\*(.+)\*/gm,"<i>$1</i>")
" OLá <i>Itaelico</i>"
